<?xml version="1.0" encoding="UTF-8"?>
<!-- Generated by org.testng.reporters.JUnitXMLReporter -->
<testsuite ignored="0" hostname="LAPTOP-7T734GLV" failures="0" tests="3" name="Default test" time="7.458" errors="0" timestamp="2025-09-19T12:26:38 IST">
  <testcase classname="testCases.BrowserWindowsTC0010" name="newTabMethod" time="1.615"/>
  <testcase classname="testCases.BrowserWindowsTC0010" name="newWinMethod" time="0.81"/>
  <testcase classname="testCases.BrowserWindowsTC0010" name="NewWinMsgMethod" time="0.749"/>
</testsuite> <!-- Default test -->
