<?xml version="1.0" encoding="UTF-8"?>
<!-- Generated by org.testng.reporters.JUnitXMLReporter -->
<testsuite ignored="0" hostname="ANKIT-SYS" failures="0" tests="11" name="Test" time="39.559" errors="0" timestamp="2025-09-19T12:29:24 IST">
  <testcase classname="testCases.BrokenLinksTC007" name="brokenLinksMethod" time="1.526"/>
  <testcase classname="testCases.LinksTC006" name="links" time="1.113"/>
  <testcase classname="testCases.BrowserWindowsTC0010" name="newTabMethod" time="1.366"/>
  <testcase classname="testCases.BrowserWindowsTC0010" name="newWinMethod" time="0.624"/>
  <testcase classname="testCases.BrowserWindowsTC0010" name="NewWinMsgMethod" time="0.515"/>
  <testcase classname="testCases.TextBoxTC001" name="textBoxMethod" time="1.098"/>
  <testcase classname="testCases.CheckBoxTC002" name="checkBoxMethod" time="0.929"/>
  <testcase classname="testCases.WebTableTC004" name="webTableMethod" time="3.778"/>
  <testcase classname="testCases.ButtonTC005" name="buttonsClick" time="1.368"/>
  <testcase classname="testCases.RadioBtnTC003" name="aradioBtnMethod" time="0.734"/>
  <testcase classname="testCases.RadioBtnTC003" name="impressiveMethod" time="2.249"/>
</testsuite> <!-- Test -->
