<?xml version="1.0" encoding="UTF-8"?>
<!-- Generated by org.testng.reporters.JUnitXMLReporter -->
<testsuite ignored="0" hostname="ANKIT-SYS" failures="0" tests="8" name="Test" time="26.989" errors="0" timestamp="2025-09-16T16:41:03 IST">
  <testcase classname="testCases.BrokenLinksTC007" name="brokenLinksMethod" time="0.034"/>
  <testcase classname="testCases.LinksTC006" name="links" time="0.921"/>
  <testcase classname="testCases.TextBoxTC001" name="textBoxMethod" time="0.982"/>
  <testcase classname="testCases.CheckBoxTC002" name="checkBoxMethod" time="0.849"/>
  <testcase classname="testCases.WebTableTC004" name="webTableMethod" time="3.453"/>
  <testcase classname="testCases.ButtonTC005" name="buttonsClick" time="1.385"/>
  <testcase classname="testCases.RadioBtnTC003" name="aradioBtnMethod" time="0.736"/>
  <testcase classname="testCases.RadioBtnTC003" name="impressiveMethod" time="2.17"/>
</testsuite> <!-- Test -->
