<?xml version="1.0" encoding="UTF-8"?>
<!-- Generated by org.testng.reporters.JUnitXMLReporter -->
<testsuite ignored="0" hostname="ANKIT-SYS" failures="0" tests="8" name="Test" time="25.665" errors="0" timestamp="2025-09-16T17:20:42 IST">
  <testcase classname="testCases.BrokenLinksTC007" name="brokenLinksMethod" time="0.031"/>
  <testcase classname="testCases.LinksTC006" name="links" time="0.883"/>
  <testcase classname="testCases.TextBoxTC001" name="textBoxMethod" time="0.885"/>
  <testcase classname="testCases.CheckBoxTC002" name="checkBoxMethod" time="0.762"/>
  <testcase classname="testCases.WebTableTC004" name="webTableMethod" time="3.718"/>
  <testcase classname="testCases.ButtonTC005" name="buttonsClick" time="1.357"/>
  <testcase classname="testCases.RadioBtnTC003" name="aradioBtnMethod" time="1.312"/>
  <testcase classname="testCases.RadioBtnTC003" name="impressiveMethod" time="2.189"/>
</testsuite> <!-- Test -->
