<?xml version="1.0" encoding="UTF-8"?>
<!-- Generated by org.testng.reporters.JUnitXMLReporter -->
<testsuite ignored="0" hostname="LAPTOP-7T734GLV" failures="0" tests="8" name="Test" time="32.137" errors="0" timestamp="2025-09-17T12:09:16 IST">
  <testcase classname="testCases.BrokenLinksTC007" name="brokenLinksMethod" time="0.033"/>
  <testcase classname="testCases.LinksTC006" name="links" time="1.444"/>
  <testcase classname="testCases.TextBoxTC001" name="textBoxMethod" time="0.869"/>
  <testcase classname="testCases.CheckBoxTC002" name="checkBoxMethod" time="0.818"/>
  <testcase classname="testCases.WebTableTC004" name="webTableMethod" time="3.837"/>
  <testcase classname="testCases.ButtonTC005" name="buttonsClick" time="1.233"/>
  <testcase classname="testCases.RadioBtnTC003" name="aradioBtnMethod" time="0.549"/>
  <testcase classname="testCases.RadioBtnTC003" name="impressiveMethod" time="2.158"/>
</testsuite> <!-- Test -->
