<?xml version="1.0" encoding="UTF-8"?>
<testng-results ignored="0" total="1" passed="1" failed="0" skipped="0">
  <reporter-output>
  </reporter-output>
  <suite started-at="2025-09-13T09:23:30 IST" name="Default suite" finished-at="2025-09-13T09:23:35 IST" duration-ms="4595">
    <groups>
    </groups>
    <test started-at="2025-09-13T09:23:30 IST" name="Default test" finished-at="2025-09-13T09:23:35 IST" duration-ms="4595">
      <class name="testCases.WebTableTC004">
        <test-method is-config="true" signature="setup()[pri:0, instance:testCases.WebTableTC004@5a85c92]" started-at="2025-09-13T09:23:30 IST" name="setup" finished-at="2025-09-13T09:23:34 IST" duration-ms="3720" status="PASS">
          <reporter-output>
          </reporter-output>
        </test-method> <!-- setup -->
        <test-method signature="webTableMethod()[pri:0, instance:testCases.WebTableTC004@5a85c92]" started-at="2025-09-13T09:23:34 IST" name="webTableMethod" finished-at="2025-09-13T09:23:35 IST" duration-ms="836" status="PASS">
          <reporter-output>
          </reporter-output>
        </test-method> <!-- webTableMethod -->
        <test-method is-config="true" signature="teardown()[pri:0, instance:testCases.WebTableTC004@5a85c92]" started-at="2025-09-13T09:23:35 IST" name="teardown" finished-at="2025-09-13T09:23:35 IST" duration-ms="1" status="PASS">
          <reporter-output>
          </reporter-output>
        </test-method> <!-- teardown -->
      </class> <!-- testCases.WebTableTC004 -->
    </test> <!-- Default test -->
  </suite> <!-- Default suite -->
</testng-results>
